App_ElsysProsjekt/TicketScanner/app/build/intermediates/manifest_merge_blame_file/debug/processDebugMainManifest/manifest-merger-blame-debug-report.txt
1<?xml version="1.0" encoding="utf-8"?>
2<manifest xmlns:android="http://schemas.android.com/apk/res/android"
3    package="com.example.ticketscanner"
4    android:versionCode="1"
5    android:versionName="1.0" >
6
7    <uses-sdk
8        android:minSdkVersion="24"
9        android:targetSdkVersion="36" />
10
11    <uses-permission android:name="android.permission.BLUETOOTH_ADVERTISE" />
11-->src\main\AndroidManifest.xml:6:5-77
11-->src\main\AndroidManifest.xml:6:22-75
12    <uses-permission android:name="android.permission.BLUETOOTH_CONNECT" />
12-->src\main\AndroidManifest.xml:7:5-75
12-->src\main\AndroidManifest.xml:7:22-73
13    <uses-permission android:name="android.permission.BLUETOOTH_SCAN" />
13-->src\main\AndroidManifest.xml:8:5-72
13-->src\main\AndroidManifest.xml:8:22-70
14
15    <permission
15-->[androidx.core:core:1.17.0] AndroidManifest.xml:22:5-24:47
16        android:name="com.example.ticketscanner.DYNAMIC_RECEIVER_NOT_EXPORTED_PERMISSION"
16-->[androidx.core:core:1.17.0] AndroidManifest.xml:23:9-81
17        android:protectionLevel="signature" />
17-->[androidx.core:core:1.17.0] AndroidManifest.xml:24:9-44
18
19    <uses-permission android:name="com.example.ticketscanner.DYNAMIC_RECEIVER_NOT_EXPORTED_PERMISSION" />
19-->[androidx.core:core:1.17.0] AndroidManifest.xml:26:5-97
19-->[androidx.core:core:1.17.0] AndroidManifest.xml:26:22-94
20    <uses-permission android:name="android.permission.CAMERA" /> <!-- Don't require camera, as this requires a rear camera. This allows it to work on the Nexus 7 -->
20-->[com.journeyapps:zxing-android-embedded:4.3.0] AndroidManifest.xml:22:5-65
20-->[com.journeyapps:zxing-android-embedded:4.3.0] AndroidManifest.xml:22:22-62
21    <uses-feature
21-->[com.journeyapps:zxing-android-embedded:4.3.0] AndroidManifest.xml:25:5-27:36
22        android:name="android.hardware.camera"
22-->[com.journeyapps:zxing-android-embedded:4.3.0] AndroidManifest.xml:26:9-47
23        android:required="false" />
23-->[com.journeyapps:zxing-android-embedded:4.3.0] AndroidManifest.xml:27:9-33
24    <uses-feature
24-->[com.journeyapps:zxing-android-embedded:4.3.0] AndroidManifest.xml:28:5-30:36
25        android:name="android.hardware.camera.front"
25-->[com.journeyapps:zxing-android-embedded:4.3.0] AndroidManifest.xml:29:9-53
26        android:required="false" /> <!-- TODO replace above two with next line after Android 4.2 -->
26-->[com.journeyapps:zxing-android-embedded:4.3.0] AndroidManifest.xml:30:9-33
27    <!-- <uses-feature android:name="android.hardware.camera.any"/> -->
28    <uses-feature
28-->[com.journeyapps:zxing-android-embedded:4.3.0] AndroidManifest.xml:33:5-35:36
29        android:name="android.hardware.camera.autofocus"
29-->[com.journeyapps:zxing-android-embedded:4.3.0] AndroidManifest.xml:34:9-57
30        android:required="false" />
30-->[com.journeyapps:zxing-android-embedded:4.3.0] AndroidManifest.xml:35:9-33
31    <uses-feature
31-->[com.journeyapps:zxing-android-embedded:4.3.0] AndroidManifest.xml:36:5-38:36
32        android:name="android.hardware.camera.flash"
32-->[com.journeyapps:zxing-android-embedded:4.3.0] AndroidManifest.xml:37:9-53
33        android:required="false" />
33-->[com.journeyapps:zxing-android-embedded:4.3.0] AndroidManifest.xml:38:9-33
34    <uses-feature
34-->[com.journeyapps:zxing-android-embedded:4.3.0] AndroidManifest.xml:39:5-41:36
35        android:name="android.hardware.screen.landscape"
35-->[com.journeyapps:zxing-android-embedded:4.3.0] AndroidManifest.xml:40:9-57
36        android:required="false" />
36-->[com.journeyapps:zxing-android-embedded:4.3.0] AndroidManifest.xml:41:9-33
37    <uses-feature
37-->[com.journeyapps:zxing-android-embedded:4.3.0] AndroidManifest.xml:42:5-44:36
38        android:name="android.hardware.wifi"
38-->[com.journeyapps:zxing-android-embedded:4.3.0] AndroidManifest.xml:43:9-45
39        android:required="false" /> <!-- Legger inn eksplisitte permissions for BLE pairing for android 12+ (vi skal bruke 13) -->
39-->[com.journeyapps:zxing-android-embedded:4.3.0] AndroidManifest.xml:44:9-33
40    <application
40-->src\main\AndroidManifest.xml:10:5-28:19
41        android:allowBackup="true"
41-->src\main\AndroidManifest.xml:11:9-35
42        android:appComponentFactory="androidx.core.app.CoreComponentFactory"
42-->[androidx.core:core:1.17.0] AndroidManifest.xml:28:18-86
43        android:dataExtractionRules="@xml/data_extraction_rules"
43-->src\main\AndroidManifest.xml:12:9-65
44        android:debuggable="true"
45        android:extractNativeLibs="false"
46        android:fullBackupContent="@xml/backup_rules"
46-->src\main\AndroidManifest.xml:13:9-54
47        android:icon="@mipmap/ic_launcher"
47-->src\main\AndroidManifest.xml:14:9-43
48        android:label="@string/app_name"
48-->src\main\AndroidManifest.xml:15:9-41
49        android:roundIcon="@mipmap/ic_launcher_round"
49-->src\main\AndroidManifest.xml:16:9-54
50        android:supportsRtl="true"
50-->src\main\AndroidManifest.xml:17:9-35
51        android:testOnly="true"
52        android:theme="@style/Theme.TicketScanner" >
52-->src\main\AndroidManifest.xml:18:9-51
53        <activity
53-->src\main\AndroidManifest.xml:19:9-27:20
54            android:name="com.example.ticketscanner.MainActivity"
54-->src\main\AndroidManifest.xml:20:13-41
55            android:exported="true" >
55-->src\main\AndroidManifest.xml:21:13-36
56            <intent-filter>
56-->src\main\AndroidManifest.xml:22:13-26:29
57                <action android:name="android.intent.action.MAIN" />
57-->src\main\AndroidManifest.xml:23:17-69
57-->src\main\AndroidManifest.xml:23:25-66
58
59                <category android:name="android.intent.category.LAUNCHER" />
59-->src\main\AndroidManifest.xml:25:17-77
59-->src\main\AndroidManifest.xml:25:27-74
60            </intent-filter>
61        </activity>
62
63        <provider
63-->[androidx.emoji2:emoji2:1.2.0] AndroidManifest.xml:24:9-32:20
64            android:name="androidx.startup.InitializationProvider"
64-->[androidx.emoji2:emoji2:1.2.0] AndroidManifest.xml:25:13-67
65            android:authorities="com.example.ticketscanner.androidx-startup"
65-->[androidx.emoji2:emoji2:1.2.0] AndroidManifest.xml:26:13-68
66            android:exported="false" >
66-->[androidx.emoji2:emoji2:1.2.0] AndroidManifest.xml:27:13-37
67            <meta-data
67-->[androidx.emoji2:emoji2:1.2.0] AndroidManifest.xml:29:13-31:52
68                android:name="androidx.emoji2.text.EmojiCompatInitializer"
68-->[androidx.emoji2:emoji2:1.2.0] AndroidManifest.xml:30:17-75
69                android:value="androidx.startup" />
69-->[androidx.emoji2:emoji2:1.2.0] AndroidManifest.xml:31:17-49
70            <meta-data
70-->[androidx.lifecycle:lifecycle-process:2.6.2] AndroidManifest.xml:29:13-31:52
71                android:name="androidx.lifecycle.ProcessLifecycleInitializer"
71-->[androidx.lifecycle:lifecycle-process:2.6.2] AndroidManifest.xml:30:17-78
72                android:value="androidx.startup" />
72-->[androidx.lifecycle:lifecycle-process:2.6.2] AndroidManifest.xml:31:17-49
73            <meta-data
73-->[androidx.profileinstaller:profileinstaller:1.4.0] AndroidManifest.xml:29:13-31:52
74                android:name="androidx.profileinstaller.ProfileInstallerInitializer"
74-->[androidx.profileinstaller:profileinstaller:1.4.0] AndroidManifest.xml:30:17-85
75                android:value="androidx.startup" />
75-->[androidx.profileinstaller:profileinstaller:1.4.0] AndroidManifest.xml:31:17-49
76        </provider>
77
78        <receiver
78-->[androidx.profileinstaller:profileinstaller:1.4.0] AndroidManifest.xml:34:9-52:20
79            android:name="androidx.profileinstaller.ProfileInstallReceiver"
79-->[androidx.profileinstaller:profileinstaller:1.4.0] AndroidManifest.xml:35:13-76
80            android:directBootAware="false"
80-->[androidx.profileinstaller:profileinstaller:1.4.0] AndroidManifest.xml:36:13-44
81            android:enabled="true"
81-->[androidx.profileinstaller:profileinstaller:1.4.0] AndroidManifest.xml:37:13-35
82            android:exported="true"
82-->[androidx.profileinstaller:profileinstaller:1.4.0] AndroidManifest.xml:38:13-36
83            android:permission="android.permission.DUMP" >
83-->[androidx.profileinstaller:profileinstaller:1.4.0] AndroidManifest.xml:39:13-57
84            <intent-filter>
84-->[androidx.profileinstaller:profileinstaller:1.4.0] AndroidManifest.xml:40:13-42:29
85                <action android:name="androidx.profileinstaller.action.INSTALL_PROFILE" />
85-->[androidx.profileinstaller:profileinstaller:1.4.0] AndroidManifest.xml:41:17-91
85-->[androidx.profileinstaller:profileinstaller:1.4.0] AndroidManifest.xml:41:25-88
86            </intent-filter>
87            <intent-filter>
87-->[androidx.profileinstaller:profileinstaller:1.4.0] AndroidManifest.xml:43:13-45:29
88                <action android:name="androidx.profileinstaller.action.SKIP_FILE" />
88-->[androidx.profileinstaller:profileinstaller:1.4.0] AndroidManifest.xml:44:17-85
88-->[androidx.profileinstaller:profileinstaller:1.4.0] AndroidManifest.xml:44:25-82
89            </intent-filter>
90            <intent-filter>
90-->[androidx.profileinstaller:profileinstaller:1.4.0] AndroidManifest.xml:46:13-48:29
91                <action android:name="androidx.profileinstaller.action.SAVE_PROFILE" />
91-->[androidx.profileinstaller:profileinstaller:1.4.0] AndroidManifest.xml:47:17-88
91-->[androidx.profileinstaller:profileinstaller:1.4.0] AndroidManifest.xml:47:25-85
92            </intent-filter>
93            <intent-filter>
93-->[androidx.profileinstaller:profileinstaller:1.4.0] AndroidManifest.xml:49:13-51:29
94                <action android:name="androidx.profileinstaller.action.BENCHMARK_OPERATION" />
94-->[androidx.profileinstaller:profileinstaller:1.4.0] AndroidManifest.xml:50:17-95
94-->[androidx.profileinstaller:profileinstaller:1.4.0] AndroidManifest.xml:50:25-92
95            </intent-filter>
96        </receiver>
97
98        <activity
98-->[com.journeyapps:zxing-android-embedded:4.3.0] AndroidManifest.xml:47:9-53:63
99            android:name="com.journeyapps.barcodescanner.CaptureActivity"
99-->[com.journeyapps:zxing-android-embedded:4.3.0] AndroidManifest.xml:48:13-74
100            android:clearTaskOnLaunch="true"
100-->[com.journeyapps:zxing-android-embedded:4.3.0] AndroidManifest.xml:49:13-45
101            android:screenOrientation="sensorLandscape"
101-->[com.journeyapps:zxing-android-embedded:4.3.0] AndroidManifest.xml:50:13-56
102            android:stateNotNeeded="true"
102-->[com.journeyapps:zxing-android-embedded:4.3.0] AndroidManifest.xml:51:13-42
103            android:theme="@style/zxing_CaptureTheme"
103-->[com.journeyapps:zxing-android-embedded:4.3.0] AndroidManifest.xml:52:13-54
104            android:windowSoftInputMode="stateAlwaysHidden" />
104-->[com.journeyapps:zxing-android-embedded:4.3.0] AndroidManifest.xml:53:13-60
105    </application>
106
107</manifest>